<?xml version="1.0" encoding="UTF-8"?>
<!-- Generated by org.testng.reporters.JUnitReportReporter -->
<testsuite hostname="Nikitha" failures="0" tests="1" name="chrome.exam1" time="30.006" errors="0" timestamp="2022-06-18T06:45:29 IST" skipped="0">
  <testcase classname="chrome.exam1" name="f" time="30.006"/>
  <system-out/>
</testsuite> <!-- chrome.exam1 -->
